#
# A fatal error has been detected by the Java Runtime Environment:
#
#  Internal Error (javaClasses.cpp:127), pid=2780, tid=4760
#  fatal error: Invalid layout of preloaded class
#
# JRE version:  (8.0_40-b25) (build )
# Java VM: Java HotSpot(TM) 64-Bit Server VM (25.40-b25 mixed mode windows-amd64 compressed oops)
# Failed to write core dump. Minidumps are not enabled by default on client versions of Windows
#
# If you would like to submit a bug report, please visit:
#   http://bugreport.java.com/bugreport/crash.jsp
#

---------------  T H R E A D  ---------------

Current thread (0x0000000002260800):  JavaThread "Unknown thread" [_thread_in_vm, id=4760, stack(0x0000000001e30000,0x0000000001f30000)]

Stack: [0x0000000001e30000,0x0000000001f30000]
[error occurred during error reporting (printing stack bounds), id 0xc0000005]

Native frames: (J=compiled Java code, j=interpreted, Vv=VM code, C=native code)
V  [jvm.dll+0x32b47a]
V  [jvm.dll+0x2797f3]
V  [jvm.dll+0x27a489]
V  [jvm.dll+0x29a974]
C  [KERNELBASE.dll+0xde506]
C  [ntdll.dll+0xab1d4]
C  [ntdll.dll+0x8c92f]
C  [ntdll.dll+0x9d82d]
C  [ntdll.dll+0x4916b]
C  [ntdll.dll+0x9c9ee]
V  [jvm.dll+0x21bc71]


---------------  P R O C E S S  ---------------

Java Threads: ( => current thread )

Other Threads:

=>0x0000000002260800 (exited) JavaThread "Unknown thread" [_thread_in_vm, id=4760, stack(0x0000000001e30000,0x0000000001f30000)]

VM state:not at safepoint (not fully initialized)

VM Mutex/Monitor currently owned by a thread: None

GC Heap History (0 events):
No events

Deoptimization events (0 events):
No events

Internal exceptions (0 events):
No events

Events (10 events):
Event: 0.015 loading class java/lang/CharSequence done
Event: 0.015 loading class java/lang/String done
Event: 0.015 loading class java/lang/Class
Event: 0.015 loading class java/lang/reflect/AnnotatedElement
Event: 0.015 loading class java/lang/reflect/AnnotatedElement done
Event: 0.015 loading class java/lang/reflect/GenericDeclaration
Event: 0.015 loading class java/lang/reflect/GenericDeclaration done
Event: 0.015 loading class java/lang/reflect/Type
Event: 0.015 loading class java/lang/reflect/Type done
Event: 0.015 loading class java/lang/Class done


Dynamic libraries:
0x00007ff77ea00000 - 0x00007ff77ea37000 	C:\Program Files\Java\jre1.8.0_40\bin\javaw.exe
0x00007ffe1e9a0000 - 0x00007ffe1eb4a000 	C:\Windows\SYSTEM32\ntdll.dll
0x00007ffe1dfd0000 - 0x00007ffe1e10a000 	C:\Windows\system32\KERNEL32.DLL
0x00007ffe1bfc0000 - 0x00007ffe1c0d0000 	C:\Windows\system32\KERNELBASE.dll
0x00007ffe1a940000 - 0x00007ffe1a9c8000 	C:\Windows\system32\apphelp.dll
0x00007ffe0c310000 - 0x00007ffe0c35f000 	C:\Windows\AppPatch\AppPatch64\AcGenral.DLL
0x00007ffe1c410000 - 0x00007ffe1c4b7000 	C:\Windows\system32\msvcrt.dll
0x00007ffe1baf0000 - 0x00007ffe1bb1b000 	C:\Windows\SYSTEM32\SspiCli.dll
0x00007ffe1c220000 - 0x00007ffe1c271000 	C:\Windows\system32\SHLWAPI.dll
0x00007ffe1c290000 - 0x00007ffe1c401000 	C:\Windows\system32\USER32.dll
0x00007ffe1c740000 - 0x00007ffe1c8b8000 	C:\Windows\system32\ole32.dll
0x00007ffe1c920000 - 0x00007ffe1dd37000 	C:\Windows\system32\SHELL32.dll
0x00007ffe1b5d0000 - 0x00007ffe1b5ef000 	C:\Windows\SYSTEM32\USERENV.dll
0x00007ffe1e6a0000 - 0x00007ffe1e745000 	C:\Windows\system32\ADVAPI32.dll
0x00007ffe149a0000 - 0x00007ffe149bb000 	C:\Windows\SYSTEM32\MPR.dll
0x00007ffe1c600000 - 0x00007ffe1c736000 	C:\Windows\system32\RPCRT4.dll
0x00007ffe1dd50000 - 0x00007ffe1dda7000 	C:\Windows\SYSTEM32\sechost.dll
0x00007ffe1e7b0000 - 0x00007ffe1e986000 	C:\Windows\SYSTEM32\combase.dll
0x00007ffe1ddb0000 - 0x00007ffe1def5000 	C:\Windows\system32\GDI32.dll
0x00007ffe1bd10000 - 0x00007ffe1bd24000 	C:\Windows\SYSTEM32\profapi.dll
0x00007ffe1a150000 - 0x00007ffe1a1ef000 	C:\Windows\SYSTEM32\SHCORE.dll
0x00007ffe1e2f0000 - 0x00007ffe1e324000 	C:\Windows\system32\IMM32.DLL
0x00007ffe1c4c0000 - 0x00007ffe1c5f9000 	C:\Windows\system32\MSCTF.dll
0x00007ffe193e0000 - 0x00007ffe1963a000 	C:\Windows\WinSxS\amd64_microsoft.windows.common-controls_6595b64144ccf1df_6.0.9600.17031_none_6242a4b3ecbb55a1\COMCTL32.dll
0x0000000057f20000 - 0x0000000057ff2000 	C:\Program Files\Java\jre1.8.0_40\bin\msvcr100.dll
0x0000000058340000 - 0x0000000058bc3000 	C:\Program Files\Java\jre1.8.0_40\bin\server\jvm.dll
0x00007ffe046c0000 - 0x00007ffe046c9000 	C:\Windows\SYSTEM32\WSOCK32.dll
0x00007ffe14970000 - 0x00007ffe1498f000 	C:\Windows\SYSTEM32\WINMM.dll
0x00007ffe14200000 - 0x00007ffe1420a000 	C:\Windows\SYSTEM32\VERSION.dll
0x00007ffe1e990000 - 0x00007ffe1e997000 	C:\Windows\system32\PSAPI.DLL
0x00007ffe1c8c0000 - 0x00007ffe1c918000 	C:\Windows\system32\WS2_32.dll
0x00007ffe14940000 - 0x00007ffe1496a000 	C:\Windows\SYSTEM32\WINMMBASE.dll
0x00007ffe1c280000 - 0x00007ffe1c289000 	C:\Windows\system32\NSI.dll
0x00007ffe1c120000 - 0x00007ffe1c16a000 	C:\Windows\SYSTEM32\cfgmgr32.dll
0x00007ffe1abc0000 - 0x00007ffe1abe6000 	C:\Windows\SYSTEM32\DEVOBJ.dll
0x0000000058330000 - 0x000000005833f000 	C:\Program Files\Java\jre1.8.0_40\bin\verify.dll
0x0000000058300000 - 0x0000000058329000 	C:\Program Files\Java\jre1.8.0_40\bin\java.dll
0x00000000582e0000 - 0x00000000582f6000 	C:\Program Files\Java\jre1.8.0_40\bin\zip.dll
0x00007ffe05a90000 - 0x00007ffe05c18000 	C:\Windows\SYSTEM32\dbghelp.dll

VM Arguments:
jvm_args: -Dfile.encoding=GBK -Xbootclasspath:B:\Eclipse\android-sdk-windows\platforms\android-22\android.jar 
java_command: com.huanglifu.strategy.OptimalGenerator
java_class_path (initial): C:\Users\Richard\Desktop\WorkSpace\Tempus\bin\classes
Launcher Type: SUN_STANDARD

Environment Variables:
PATH=C:/Program Files/Java/jre1.8.0_40/bin/server;C:/Program Files/Java/jre1.8.0_40/bin;C:/Program Files/Java/jre1.8.0_40/lib/amd64;C:\ProgramData\Oracle\Java\javapath;C:\Windows\system32;C:\Windows;C:\Windows\System32\Wbem;C:\Windows\System32\WindowsPowerShell\v1.0\;B:\Eclipse;
USERNAME=Richard
OS=Windows_NT
PROCESSOR_IDENTIFIER=Intel64 Family 6 Model 58 Stepping 9, GenuineIntel



---------------  S Y S T E M  ---------------

OS: Windows 8.1 , 64 bit Build 9600 (6.3.9600.17031)

CPU:total 4 (2 cores per cpu, 2 threads per core) family 6 model 58 stepping 9, cmov, cx8, fxsr, mmx, sse, sse2, sse3, ssse3, sse4.1, sse4.2, popcnt, avx, aes, clmul, erms, ht, tsc, tscinvbit, tscinv

Memory: 4k page, physical 8288616k(5618884k free), swap 9599336k(5954600k free)

vm_info: Java HotSpot(TM) 64-Bit Server VM (25.40-b25) for windows-amd64 JRE (1.8.0_40-b25), built on Feb 10 2015 21:53:57 by "java_re" with MS VC++ 10.0 (VS2010)

time: Tue Jun 16 12:30:24 2015
elapsed time: 0 seconds (0d 0h 0m 0s)

